Running: C:\Xilinx\14.7\ISE_DS\ISE\bin\nt64\unwrapped\fuse.exe -intstyle ise -incremental -o E:/VHDL/HW3/4_2/multiplier/multiplier/testttt_isim_beh.exe -prj E:/VHDL/HW3/4_2/multiplier/multiplier/testttt_beh.prj work.testttt 
ISim P.20131013 (signature 0x7708f090)
Number of CPUs detected in this system: 8
Turning on mult-threading, number of parallel sub-compilation jobs: 16 
Determining compilation order of HDL files
Parsing VHDL file "E:/VHDL/HW3/4_2/multiplier/multiplier/multiplier8bit6bit.vhd" into library work
Parsing VHDL file "E:/VHDL/HW3/4_2/multiplier/multiplier/testttt.vhd" into library work
Starting static elaboration
Completed static elaboration
Compiling package standard
Compiling package std_logic_1164
Compiling package std_logic_arith
Compiling package numeric_std
Compiling package std_logic_unsigned
Compiling architecture behavioral of entity multiplier8bit6bit [multiplier8bit6bit_default]
Compiling architecture behavior of entity testttt
Time Resolution for simulation is 1ps.
Waiting for 1 sub-compilation(s) to finish...
Compiled 8 VHDL Units
Built simulation executable E:/VHDL/HW3/4_2/multiplier/multiplier/testttt_isim_beh.exe
Fuse Memory Usage: 37640 KB
Fuse CPU Usage: 702 ms
