Running: C:\Xilinx\14.7\ISE_DS\ISE\bin\nt64\unwrapped\fuse.exe -intstyle ise -incremental -o E:/VHDL/HW4/3/FullAdder/PFATest_isim_beh.exe -prj E:/VHDL/HW4/3/FullAdder/PFATest_beh.prj work.PFATest 
ISim P.20131013 (signature 0x7708f090)
Number of CPUs detected in this system: 8
Turning on mult-threading, number of parallel sub-compilation jobs: 16 
Determining compilation order of HDL files
Parsing VHDL file "E:/VHDL/HW4/3/FullAdder/PiplinedFullAdder.vhd" into library work
Parsing VHDL file "E:/VHDL/HW4/3/FullAdder/PFATest.vhd" into library work
Starting static elaboration
Completed static elaboration
Compiling package standard
Compiling package std_logic_1164
Compiling package std_logic_arith
Compiling package std_logic_unsigned
Compiling architecture behavioral of entity PiplinedFullAdder [piplinedfulladder_default]
Compiling architecture behavior of entity pfatest
Time Resolution for simulation is 1ps.
Waiting for 1 sub-compilation(s) to finish...
Compiled 7 VHDL Units
Built simulation executable E:/VHDL/HW4/3/FullAdder/PFATest_isim_beh.exe
Fuse Memory Usage: 34596 KB
Fuse CPU Usage: 484 ms
