Running: C:\Xilinx\14.7\ISE_DS\ISE\bin\nt64\unwrapped\fuse.exe -intstyle ise -incremental -o E:/VHDL/HW3/5_1/divider/testDivide_isim_beh.exe -prj E:/VHDL/HW3/5_1/divider/testDivide_beh.prj work.testDivide 
ISim P.20131013 (signature 0x7708f090)
Number of CPUs detected in this system: 8
Turning on mult-threading, number of parallel sub-compilation jobs: 16 
Determining compilation order of HDL files
Parsing VHDL file "E:/VHDL/HW3/5_1/divider/optimizedDivision.vhd" into library work
Parsing VHDL file "E:/VHDL/HW3/5_1/divider/testDivide.vhd" into library work
Starting static elaboration
Completed static elaboration
Compiling package standard
Compiling package std_logic_1164
Compiling package numeric_std
Compiling package std_logic_arith
Compiling package std_logic_unsigned
Compiling architecture behavioral of entity optimizedDivision [optimizeddivision_default]
Compiling architecture behavior of entity testdivide
Time Resolution for simulation is 1ps.
Waiting for 1 sub-compilation(s) to finish...
Compiled 8 VHDL Units
Built simulation executable E:/VHDL/HW3/5_1/divider/testDivide_isim_beh.exe
Fuse Memory Usage: 37528 KB
Fuse CPU Usage: 499 ms
