Running: C:\Xilinx\14.7\ISE_DS\ISE\bin\nt64\unwrapped\fuse.exe -intstyle ise -incremental -o C:/Users/IT CITY/Desktop/HW4/5/RegisterFile/RFTest_isim_beh.exe -prj C:/Users/IT CITY/Desktop/HW4/5/RegisterFile/RFTest_beh.prj work.RFTest 
ISim P.20131013 (signature 0x7708f090)
Number of CPUs detected in this system: 8
Turning on mult-threading, number of parallel sub-compilation jobs: 16 
Determining compilation order of HDL files
Parsing VHDL file "C:/Users/IT CITY/Desktop/HW4/5/RegisterFile/RegisterFile.vhd" into library work
Parsing VHDL file "C:/Users/IT CITY/Desktop/HW4/5/RegisterFile/RFTest.vhd" into library work
Starting static elaboration
Completed static elaboration
Compiling package standard
Compiling package std_logic_1164
Compiling package numeric_std
Compiling architecture behavioral of entity RegisterFile [registerfile_default]
Compiling architecture behavior of entity rftest
Time Resolution for simulation is 1ps.
Waiting for 1 sub-compilation(s) to finish...
Compiled 6 VHDL Units
Built simulation executable C:/Users/IT CITY/Desktop/HW4/5/RegisterFile/RFTest_isim_beh.exe
Fuse Memory Usage: 35936 KB
Fuse CPU Usage: 499 ms
